============================= test session starts ==============================
platform linux -- Python 3.11.15, pytest-9.1.1, pluggy-1.6.0 -- /opt/hostedtoolcache/Python/3.11.15/x64/bin/python
cachedir: .pytest_cache
metadata: {'Python': '3.11.15', 'Platform': 'Linux-6.17.0-1022-azure-x86_64-with-glibc2.39', 'Packages': {'pytest': '9.1.1', 'pluggy': '1.6.0'}, 'Plugins': {'anyio': '4.14.2', 'metadata': '3.1.1', 'html': '4.2.0'}, 'CI': 'true', 'JAVA_HOME': '/usr/lib/jvm/temurin-17-jdk-amd64'}
rootdir: /home/runner/work/task_manager_api/task_manager_api
plugins: anyio-4.14.2, metadata-3.1.1, html-4.2.0
collecting ... collected 31 items

tests/test_auth.py::test_signup_valid PASSED                             [  3%]
tests/test_auth.py::test_signup_duplicate_email PASSED                   [  6%]
tests/test_auth.py::test_signup_invalid_data[payload0-422] PASSED        [  9%]
tests/test_auth.py::test_signup_invalid_data[payload1-422] PASSED        [ 12%]
tests/test_auth.py::test_signup_invalid_data[payload2-422] PASSED        [ 16%]
tests/test_auth.py::test_signup_invalid_data[payload3-422] PASSED        [ 19%]
tests/test_auth.py::test_login_valid PASSED                              [ 22%]
tests/test_auth.py::test_login_wrong_password PASSED                     [ 25%]
tests/test_auth.py::test_login_nonexistent_email PASSED                  [ 29%]
tests/test_auth.py::test_login_missing_password PASSED                   [ 32%]
tests/test_tasks.py::test_create_task_valid PASSED                       [ 35%]
tests/test_tasks.py::test_create_task_unauthorized PASSED                [ 38%]
tests/test_tasks.py::test_create_task_missing_title PASSED               [ 41%]
tests/test_tasks.py::test_create_task_title_too_long PASSED              [ 45%]
tests/test_tasks.py::test_get_tasks_empty PASSED                         [ 48%]
tests/test_tasks.py::test_get_tasks_with_data PASSED                     [ 51%]
tests/test_tasks.py::test_get_tasks_unauthorized PASSED                  [ 54%]
tests/test_tasks.py::test_get_task_by_id_valid PASSED                    [ 58%]
tests/test_tasks.py::test_get_task_by_id_not_found PASSED                [ 61%]
tests/test_tasks.py::test_get_task_by_id_unauthorized PASSED             [ 64%]
tests/test_tasks.py::test_update_task_valid PASSED                       [ 67%]
tests/test_tasks.py::test_update_task_partial PASSED                     [ 70%]
tests/test_tasks.py::test_update_task_not_found PASSED                   [ 74%]
tests/test_tasks.py::test_update_task_invalid_data PASSED                [ 77%]
tests/test_tasks.py::test_update_task_unauthorized PASSED                [ 80%]
tests/test_tasks.py::test_delete_task_valid PASSED                       [ 83%]
tests/test_tasks.py::test_delete_task_not_found PASSED                   [ 87%]
tests/test_tasks.py::test_delete_task_unauthorized PASSED                [ 90%]
tests/test_tasks.py::test_security_get_other_user_task PASSED            [ 93%]
tests/test_tasks.py::test_security_update_other_user_task PASSED         [ 96%]
tests/test_tasks.py::test_security_delete_other_user_task PASSED         [100%]

=============================== warnings summary ===============================
../../../../../opt/hostedtoolcache/Python/3.11.15/x64/lib/python3.11/site-packages/fastapi/testclient.py:1
  /opt/hostedtoolcache/Python/3.11.15/x64/lib/python3.11/site-packages/fastapi/testclient.py:1: StarletteDeprecationWarning: Using `httpx` with `starlette.testclient` is deprecated; install `httpx2` instead.
    from starlette.testclient import TestClient as TestClient  # noqa

../../../../../opt/hostedtoolcache/Python/3.11.15/x64/lib/python3.11/site-packages/passlib/utils/__init__.py:854
  /opt/hostedtoolcache/Python/3.11.15/x64/lib/python3.11/site-packages/passlib/utils/__init__.py:854: DeprecationWarning: 'crypt' is deprecated and slated for removal in Python 3.13
    from crypt import crypt as _crypt

-- Docs: https://docs.pytest.org/en/stable/how-to/capture-warnings.html
- Generated html report: file:///home/runner/work/task_manager_api/task_manager_api/docs/test_report.html -
======================= 31 passed, 2 warnings in 11.94s ========================
